This is XeTeX, Version 3.14159265-2.6-0.99991 (TeX Live 2014) (preloaded format=xelatex 2014.10.6)  26 NOV 2014 22:48
entering extended mode
 restricted \write18 enabled.
 file:line:error style messages enabled.
 %&-line parsing enabled.
**\nonstopmode\nofiles\PassOptionsToPackage{active,tightpage,auctex}{preview}\A
tBeginDocument{\ifx\ifPreview\undefined\RequirePackage[displaymath,floats,graph
ics,textmath,sections,footnotes]{preview}[2004/11/05]\fi} \input _region_.tex
(./_region_.tex  !name(abpic.tex)
(/usr/local/texlive/2014/texmf-dist/tex/latex/aastex/aastex.cls
Document Class: aastex 2005/06/22 5.2/AAS markup document class
Class aastex Info: Original \LaTeX2.09 style by Chris Biemesderfer (chris@seago
at.com). Adapted to \LaTeXe by A. Ogawa (ogawa@teleport.com) on input line 83.
(/usr/local/texlive/2014/texmf-dist/tex/latex/base/article.cls
Document Class: article 2014/09/29 v1.4h Standard LaTeX document class
(/usr/local/texlive/2014/texmf-dist/tex/latex/base/size12.clo
File: size12.clo 2014/09/29 v1.4h Standard LaTeX file (size option)
)
\c@part=\count80
\c@section=\count81
\c@subsection=\count82
\c@subsubsection=\count83
\c@paragraph=\count84
\c@subparagraph=\count85
\c@figure=\count86
\c@table=\count87
\abovecaptionskip=\skip41
\belowcaptionskip=\skip42
\bibindent=\dimen102
)
(/usr/local/texlive/2014/texmf-dist/tex/latex/base/latexsym.sty
Package: latexsym 1998/08/17 v2.2e Standard LaTeX package (lasy symbols)
\symlasy=\mathgroup4
LaTeX Font Info:    Overwriting symbol font `lasy' in version `bold'
(Font)                  U/lasy/m/n --> U/lasy/b/n on input line 47.
)
(/usr/local/texlive/2014/texmf-dist/tex/latex/graphics/graphicx.sty
Package: graphicx 2014/04/25 v1.0g Enhanced LaTeX Graphics (DPC,SPQR)

(/usr/local/texlive/2014/texmf-dist/tex/latex/graphics/keyval.sty
Package: keyval 2014/05/08 v1.15 key=value parser (DPC)
\KV@toks@=\toks14
)
(/usr/local/texlive/2014/texmf-dist/tex/latex/graphics/graphics.sty
Package: graphics 2009/02/05 v1.0o Standard LaTeX Graphics (DPC,SPQR)

(/usr/local/texlive/2014/texmf-dist/tex/latex/graphics/trig.sty
Package: trig 1999/03/16 v1.09 sin cos tan (DPC)
)
(/usr/local/texlive/2014/texmf-dist/tex/latex/latexconfig/graphics.cfg
File: graphics.cfg 2010/04/23 v1.9 graphics configuration of TeX Live
)
Package graphics Info: Driver file: xetex.def on input line 91.

(/usr/local/texlive/2014/texmf-dist/tex/xelatex/xetex-def/xetex.def
File: xetex.def 2014/07/25 v4.03 LaTeX color/graphics driver for XeTeX (RRM/JK)

))
\Gin@req@height=\dimen103
\Gin@req@width=\dimen104
)
(/usr/local/texlive/2014/texmf-dist/tex/latex/amsfonts/amssymb.sty
Package: amssymb 2013/01/14 v3.01 AMS font symbols

(/usr/local/texlive/2014/texmf-dist/tex/latex/amsfonts/amsfonts.sty
Package: amsfonts 2013/01/14 v3.01 Basic AMSFonts support
\@emptytoks=\toks15
\symAMSa=\mathgroup5
\symAMSb=\mathgroup6
LaTeX Font Info:    Overwriting math alphabet `\mathfrak' in version `bold'
(Font)                  U/euf/m/n --> U/euf/b/n on input line 106.
))
(/usr/local/texlive/2014/texmf-dist/tex/latex/natbib/natbib.sty
Package: natbib 2010/09/13 8.31b (PWD, AO)
\bibhang=\skip43
\bibsep=\skip44
LaTeX Info: Redefining \cite on input line 694.


/usr/local/texlive/2014/texmf-dist/tex/latex/natbib/natbib.sty:795: LaTeX Error
: \makeindex undefined.

See the LaTeX manual or LaTeX Companion for explanation.
Type  H <return>  for immediate help.
 ...                                              
                                                  
l.795 \renewcommand\makeindex
                             {\NAT@makeindex
Try typing  <return>  to proceed.
If that doesn't work, type  X <return>  to quit.

\c@NAT@ctr=\count88
) (/usr/local/texlive/2014/texmf-dist/tex/latex/tools/verbatim.sty
Package: verbatim 2014/10/28 v1.5q LaTeX2e package for verbatim enhancements
\every@verbatim=\toks16
\verbatim@line=\toks17
\verbatim@in@stream=\read1
)
\@slugcmmntwidth=\dimen105
\abstract@box=\box26
\c@editornote=\count89
\c@cureqno=\count90
\tnotemarkskip=\skip45
\@abovenoteskip=\dimen106
\pt@box=\box27
\pt@width=\dimen107
\pt@line=\count91
\pt@column=\count92
\pt@nlines=\count93
\pt@ncol=\count94
\pt@page=\count95
\tabbaseskip=\dimen108
\pt@tmpcapwidth=\dimen109
\spew@tblnotesbox=\box28
\restof@tblnotesbox=\box29
\noteheight=\dimen110
\pt@tabnoteminht=\dimen111
\firsttabskip=\dimen112
\captionbox=\box30
\pt@reduceline=\dimen113
\extra@vspace=\dimen114
\c@plate=\count96
\my@footins=\box31
)
No file _region_.aux.
LaTeX Font Info:    Checking defaults for OML/cmm/m/it on input line 7.
LaTeX Font Info:    ... okay on input line 7.
LaTeX Font Info:    Checking defaults for T1/cmr/m/n on input line 7.
LaTeX Font Info:    ... okay on input line 7.
LaTeX Font Info:    Checking defaults for OT1/cmr/m/n on input line 7.
LaTeX Font Info:    ... okay on input line 7.
LaTeX Font Info:    Checking defaults for OMS/cmsy/m/n on input line 7.
LaTeX Font Info:    ... okay on input line 7.
LaTeX Font Info:    Checking defaults for OMX/cmex/m/n on input line 7.
LaTeX Font Info:    ... okay on input line 7.
LaTeX Font Info:    Checking defaults for U/cmr/m/n on input line 7.
LaTeX Font Info:    ... okay on input line 7.
(/Users/ZhouYf/.emacs.d/el-get/auctex/preview/latex/preview.sty
Package: preview 2010/02/14 11.88 (AUCTeX/preview-latex)

(/Users/ZhouYf/.emacs.d/el-get/auctex/preview/latex/prtightpage.def
\PreviewBorder=\dimen115
)
(/Users/ZhouYf/.emacs.d/el-get/auctex/preview/latex/prauctex.def
No auxiliary output files.


\hbadness=\count97
\hfuzz=\dimen116
(/Users/ZhouYf/.emacs.d/el-get/auctex/preview/latex/prauctex.cfg))
(/Users/ZhouYf/.emacs.d/el-get/auctex/preview/latex/prfootnotes.def)
\pr@snippet=\count98
\pr@box=\box32
\pr@output=\toks18

Preview: Fontsize 12pt
Preview: PDFoutput 1
)
AAS manuscript substyle, v5.2 <12 Dec 2003>.
 !name(abpic.tex) !offset(-3) 
./_region_.tex:16: Preview: Snippet 1 started.
<-><->
      
l.16 \section
             {Introduction}
Not a real error.

Preview: Tightpage -32891 -32891 32891 32891
./_region_.tex:16: Preview: Snippet 1 ended.(546132+0x30785863).
<-><->
      
l.16 \section{Introduction}
                           
Not a real error.

[1

]
./_region_.tex:17: Preview: Snippet 2 started.
<-><->
      
l.17 \section
             {Observation}
Not a real error.

./_region_.tex:17: Preview: Snippet 2 ended.(546132+0x30785863).
<-><->
      
l.17 \section{Observation}
                          
Not a real error.

[2

]
./_region_.tex:19: Preview: Snippet 3 started.
<-><->
      
l.19 \section
             {Data Reduction}
Not a real error.

./_region_.tex:19: Preview: Snippet 3 ended.(546132+0x30785863).
<-><->
      
l.19 \section{Data Reduction}
                             
Not a real error.

[3

]
./_region_.tex:20: Preview: Snippet 4 started.
<-><->
      
l.20 \section
             {Result}
Not a real error.

./_region_.tex:20: Preview: Snippet 4 ended.(546132+0x30785863).
<-><->
      
l.20 \section{Result}
                     
Not a real error.

[4

]
./_region_.tex:21: Preview: Snippet 5 started.
<-><->
      
l.21 \section
             {Discussion}
Not a real error.

./_region_.tex:21: Preview: Snippet 5 ended.(546132+0x30785863).
<-><->
      
l.21 \section{Discussion}
                         
Not a real error.

[5

]
./_region_.tex:22: Preview: Snippet 6 started.
<-><->
      
l.22 \section
             {Conclusion}
Not a real error.

./_region_.tex:22: Preview: Snippet 6 ended.(546132+0x30785863).
<-><->
      
l.22 \section{Conclusion}
                         
Not a real error.

[6

] ) 
Here is how much of TeX's memory you used:
 1909 strings out of 493724
 22367 string characters out of 6145899
 76766 words of memory out of 5000000
 5269 multiletter control sequences out of 15000+600000
 4850 words of font info for 18 fonts, out of 8000000 for 9000
 1328 hyphenation exceptions out of 8191
 32i,4n,28p,442b,149s stack positions out of 5000i,500n,10000p,200000b,80000s

Output written on _region_.pdf (6 pages).
